INFO main edu.fiu.cis.feedClient.FeedMain - Start Main Client Feed
INFO Thread-2 edu.fiu.cis.feedClient.FeedClient - Start ClientFeed Thread: edu.fiu.cis.feedClient.FeedClient@69264eab
INFO Thread-3 edu.fiu.cis.feedClient.FeedClient - Start ClientFeed Thread: edu.fiu.cis.feedClient.FeedClient@5dbbd583
INFO Thread-4 edu.fiu.cis.feedClient.FeedClient - Start ClientFeed Thread: edu.fiu.cis.feedClient.FeedClient@665ce0fe
INFO main edu.fiu.cis.feedClient.FeedMain - Done
INFO Thread-5 edu.fiu.cis.feedClient.FeedClient - Start ClientFeed Thread: edu.fiu.cis.feedClient.FeedClient@62b4bb65
ERROR Thread-5 edu.fiu.cis.feedClient.PersistEntryDBImpl - Column 'link' cannot be null
ERROR Thread-5 edu.fiu.cis.feedClient.PersistEntryDBImpl - Column 'link' cannot be null
ERROR Thread-5 edu.fiu.cis.feedClient.PersistEntryDBImpl - Column 'link' cannot be null
ERROR Thread-5 edu.fiu.cis.feedClient.PersistEntryDBImpl - Column 'link' cannot be null
ERROR Thread-5 edu.fiu.cis.feedClient.PersistEntryDBImpl - Column 'link' cannot be null
ERROR Thread-5 edu.fiu.cis.feedClient.PersistEntryDBImpl - Column 'link' cannot be null
ERROR Thread-5 edu.fiu.cis.feedClient.PersistEntryDBImpl - Column 'link' cannot be null
ERROR Thread-5 edu.fiu.cis.feedClient.PersistEntryDBImpl - Column 'link' cannot be null
ERROR Thread-5 edu.fiu.cis.feedClient.PersistEntryDBImpl - Column 'link' cannot be null
ERROR Thread-5 edu.fiu.cis.feedClient.PersistEntryDBImpl - Column 'link' cannot be null
ERROR Thread-5 edu.fiu.cis.feedClient.PersistEntryDBImpl - Column 'link' cannot be null
ERROR Thread-5 edu.fiu.cis.feedClient.PersistEntryDBImpl - Column 'link' cannot be null
ERROR Thread-5 edu.fiu.cis.feedClient.PersistEntryDBImpl - Column 'link' cannot be null
ERROR Thread-5 edu.fiu.cis.feedClient.PersistEntryDBImpl - Column 'link' cannot be null
ERROR Thread-5 edu.fiu.cis.feedClient.PersistEntryDBImpl - Column 'link' cannot be null
ERROR Thread-5 edu.fiu.cis.feedClient.PersistEntryDBImpl - Column 'link' cannot be null
ERROR Thread-5 edu.fiu.cis.feedClient.PersistEntryDBImpl - Column 'link' cannot be null
ERROR Thread-5 edu.fiu.cis.feedClient.PersistEntryDBImpl - Column 'link' cannot be null
ERROR Thread-5 edu.fiu.cis.feedClient.PersistEntryDBImpl - Column 'link' cannot be null
ERROR Thread-5 edu.fiu.cis.feedClient.PersistEntryDBImpl - Column 'link' cannot be null
ERROR Thread-5 edu.fiu.cis.feedClient.PersistEntryDBImpl - Column 'link' cannot be null
ERROR Thread-5 edu.fiu.cis.feedClient.PersistEntryDBImpl - Column 'link' cannot be null
ERROR Thread-5 edu.fiu.cis.feedClient.PersistEntryDBImpl - Column 'link' cannot be null
ERROR Thread-5 edu.fiu.cis.feedClient.PersistEntryDBImpl - Column 'link' cannot be null
ERROR Thread-5 edu.fiu.cis.feedClient.PersistEntryDBImpl - Column 'link' cannot be null
ERROR Thread-5 edu.fiu.cis.feedClient.PersistEntryDBImpl - Column 'link' cannot be null
ERROR Thread-5 edu.fiu.cis.feedClient.PersistEntryDBImpl - Column 'link' cannot be null
ERROR Thread-5 edu.fiu.cis.feedClient.PersistEntryDBImpl - Column 'link' cannot be null
ERROR Thread-5 edu.fiu.cis.feedClient.PersistEntryDBImpl - Column 'link' cannot be null
ERROR Thread-5 edu.fiu.cis.feedClient.PersistEntryDBImpl - Column 'link' cannot be null
ERROR Thread-5 edu.fiu.cis.feedClient.PersistEntryDBImpl - Column 'link' cannot be null
ERROR Thread-5 edu.fiu.cis.feedClient.PersistEntryDBImpl - Column 'link' cannot be null
ERROR Thread-5 edu.fiu.cis.feedClient.PersistEntryDBImpl - Column 'link' cannot be null
ERROR Thread-5 edu.fiu.cis.feedClient.PersistEntryDBImpl - Column 'link' cannot be null
ERROR Thread-5 edu.fiu.cis.feedClient.PersistEntryDBImpl - Column 'link' cannot be null
ERROR Thread-5 edu.fiu.cis.feedClient.PersistEntryDBImpl - Column 'link' cannot be null
ERROR Thread-5 edu.fiu.cis.feedClient.PersistEntryDBImpl - Column 'link' cannot be null
ERROR Thread-5 edu.fiu.cis.feedClient.PersistEntryDBImpl - Column 'link' cannot be null
ERROR Thread-5 edu.fiu.cis.feedClient.PersistEntryDBImpl - Column 'link' cannot be null
ERROR Thread-5 edu.fiu.cis.feedClient.PersistEntryDBImpl - Column 'link' cannot be null
ERROR Thread-5 edu.fiu.cis.feedClient.PersistEntryDBImpl - Column 'link' cannot be null
ERROR Thread-5 edu.fiu.cis.feedClient.PersistEntryDBImpl - Column 'link' cannot be null
ERROR Thread-5 edu.fiu.cis.feedClient.PersistEntryDBImpl - Column 'link' cannot be null
ERROR Thread-5 edu.fiu.cis.feedClient.PersistEntryDBImpl - Column 'link' cannot be null
ERROR Thread-5 edu.fiu.cis.feedClient.PersistEntryDBImpl - Column 'link' cannot be null
ERROR Thread-5 edu.fiu.cis.feedClient.PersistEntryDBImpl - Column 'link' cannot be null
ERROR Thread-5 edu.fiu.cis.feedClient.PersistEntryDBImpl - Column 'link' cannot be null
ERROR Thread-5 edu.fiu.cis.feedClient.PersistEntryDBImpl - Column 'link' cannot be null
ERROR Thread-5 edu.fiu.cis.feedClient.PersistEntryDBImpl - Column 'link' cannot be null
ERROR Thread-5 edu.fiu.cis.feedClient.PersistEntryDBImpl - Column 'link' cannot be null
ERROR Thread-5 edu.fiu.cis.feedClient.PersistEntryDBImpl - Column 'link' cannot be null
ERROR Thread-5 edu.fiu.cis.feedClient.PersistEntryDBImpl - Column 'link' cannot be null
ERROR Thread-5 edu.fiu.cis.feedClient.PersistEntryDBImpl - Column 'link' cannot be null
ERROR Thread-5 edu.fiu.cis.feedClient.PersistEntryDBImpl - Column 'link' cannot be null
ERROR Thread-5 edu.fiu.cis.feedClient.PersistEntryDBImpl - Column 'link' cannot be null
ERROR Thread-5 edu.fiu.cis.feedClient.PersistEntryDBImpl - Column 'link' cannot be null
ERROR Thread-5 edu.fiu.cis.feedClient.PersistEntryDBImpl - Column 'link' cannot be null
ERROR Thread-5 edu.fiu.cis.feedClient.PersistEntryDBImpl - Column 'link' cannot be null
ERROR Thread-5 edu.fiu.cis.feedClient.PersistEntryDBImpl - Column 'link' cannot be null
ERROR Thread-5 edu.fiu.cis.feedClient.PersistEntryDBImpl - Column 'link' cannot be null
ERROR Thread-5 edu.fiu.cis.feedClient.PersistEntryDBImpl - Column 'link' cannot be null
ERROR Thread-5 edu.fiu.cis.feedClient.PersistEntryDBImpl - Column 'link' cannot be null
ERROR Thread-5 edu.fiu.cis.feedClient.PersistEntryDBImpl - Column 'link' cannot be null
ERROR Thread-5 edu.fiu.cis.feedClient.PersistEntryDBImpl - Column 'link' cannot be null
ERROR Thread-5 edu.fiu.cis.feedClient.PersistEntryDBImpl - Column 'link' cannot be null
ERROR Thread-5 edu.fiu.cis.feedClient.PersistEntryDBImpl - Column 'link' cannot be null
ERROR Thread-5 edu.fiu.cis.feedClient.PersistEntryDBImpl - Column 'link' cannot be null
ERROR Thread-5 edu.fiu.cis.feedClient.PersistEntryDBImpl - Column 'link' cannot be null
ERROR Thread-5 edu.fiu.cis.feedClient.PersistEntryDBImpl - Column 'link' cannot be null
ERROR Thread-5 edu.fiu.cis.feedClient.PersistEntryDBImpl - Column 'link' cannot be null
ERROR Thread-5 edu.fiu.cis.feedClient.PersistEntryDBImpl - Column 'link' cannot be null
ERROR Thread-5 edu.fiu.cis.feedClient.PersistEntryDBImpl - Column 'link' cannot be null
ERROR Thread-5 edu.fiu.cis.feedClient.PersistEntryDBImpl - Column 'link' cannot be null
ERROR Thread-5 edu.fiu.cis.feedClient.PersistEntryDBImpl - Column 'link' cannot be null
ERROR Thread-5 edu.fiu.cis.feedClient.PersistEntryDBImpl - Column 'link' cannot be null
ERROR Thread-5 edu.fiu.cis.feedClient.PersistEntryDBImpl - Column 'link' cannot be null
ERROR Thread-5 edu.fiu.cis.feedClient.PersistEntryDBImpl - Column 'link' cannot be null
ERROR Thread-5 edu.fiu.cis.feedClient.PersistEntryDBImpl - Column 'link' cannot be null
ERROR Thread-5 edu.fiu.cis.feedClient.PersistEntryDBImpl - Column 'link' cannot be null
ERROR Thread-5 edu.fiu.cis.feedClient.PersistEntryDBImpl - Column 'link' cannot be null
ERROR Thread-5 edu.fiu.cis.feedClient.PersistEntryDBImpl - Column 'link' cannot be null
ERROR Thread-5 edu.fiu.cis.feedClient.PersistEntryDBImpl - Column 'link' cannot be null
ERROR Thread-5 edu.fiu.cis.feedClient.PersistEntryDBImpl - Column 'link' cannot be null
ERROR Thread-5 edu.fiu.cis.feedClient.PersistEntryDBImpl - Column 'link' cannot be null
ERROR Thread-5 edu.fiu.cis.feedClient.PersistEntryDBImpl - Column 'link' cannot be null
ERROR Thread-5 edu.fiu.cis.feedClient.PersistEntryDBImpl - Column 'link' cannot be null
ERROR Thread-5 edu.fiu.cis.feedClient.PersistEntryDBImpl - Column 'link' cannot be null
ERROR Thread-5 edu.fiu.cis.feedClient.PersistEntryDBImpl - Column 'link' cannot be null
ERROR Thread-5 edu.fiu.cis.feedClient.PersistEntryDBImpl - Column 'link' cannot be null
ERROR Thread-5 edu.fiu.cis.feedClient.PersistEntryDBImpl - Column 'link' cannot be null
ERROR Thread-5 edu.fiu.cis.feedClient.PersistEntryDBImpl - Column 'link' cannot be null
ERROR Thread-5 edu.fiu.cis.feedClient.PersistEntryDBImpl - Column 'link' cannot be null
ERROR Thread-5 edu.fiu.cis.feedClient.PersistEntryDBImpl - Column 'link' cannot be null
ERROR Thread-5 edu.fiu.cis.feedClient.PersistEntryDBImpl - Column 'link' cannot be null
ERROR Thread-5 edu.fiu.cis.feedClient.PersistEntryDBImpl - Column 'link' cannot be null
ERROR Thread-5 edu.fiu.cis.feedClient.PersistEntryDBImpl - Column 'link' cannot be null
ERROR Thread-5 edu.fiu.cis.feedClient.PersistEntryDBImpl - Column 'link' cannot be null
ERROR Thread-5 edu.fiu.cis.feedClient.PersistEntryDBImpl - Column 'link' cannot be null
ERROR Thread-5 edu.fiu.cis.feedClient.PersistEntryDBImpl - Column 'link' cannot be null
ERROR Thread-5 edu.fiu.cis.feedClient.PersistEntryDBImpl - Column 'link' cannot be null
ERROR Thread-5 edu.fiu.cis.feedClient.PersistEntryDBImpl - Column 'link' cannot be null
ERROR Thread-2 edu.fiu.cis.feedClient.FeedClient - Error parsing url:http://feeds.pheedo.com/wp-dyn/rss/linkset/2005/03/24/LI2005032400113_xml - Invalid XML: Error on line 985: The entity name must immediately follow the '&' in the entity reference.
ERROR Thread-5 edu.fiu.cis.feedClient.FeedClient - Error parsing url:http://www.miamiherald.com/orthodox-miami/index.xml - Invalid XML
INFO Thread-2 edu.fiu.cis.feedClient.FeedClient - End ClientFeed Thread: edu.fiu.cis.feedClient.FeedClient@69264eab
ERROR Thread-5 edu.fiu.cis.feedClient.FeedClient - Error parsing url:http://www.miamiherald.com/entertainment/nightlife/index.xml - http://www.miamiherald.com/entertainment/nightlife/index.xml
INFO Thread-5 edu.fiu.cis.feedClient.FeedClient - End ClientFeed Thread: edu.fiu.cis.feedClient.FeedClient@62b4bb65
ERROR Thread-4 edu.fiu.cis.feedClient.PersistEntryDBImpl - Data truncation: Data too long for column 'content' at row 1
ERROR Thread-4 edu.fiu.cis.feedClient.PersistEntryDBImpl - Data truncation: Data too long for column 'content' at row 1
INFO Thread-4 edu.fiu.cis.feedClient.FeedClient - End ClientFeed Thread: edu.fiu.cis.feedClient.FeedClient@665ce0fe
INFO Thread-3 edu.fiu.cis.feedClient.FeedClient - End ClientFeed Thread: edu.fiu.cis.feedClient.FeedClient@5dbbd583
INFO main edu.fiu.cis.feedClient.FeedMain - Start Main Client Feed
INFO Thread-2 edu.fiu.cis.feedClient.FeedClient - Start ClientFeed Thread: edu.fiu.cis.feedClient.FeedClient@4c221e9e
INFO Thread-3 edu.fiu.cis.feedClient.FeedClient - Start ClientFeed Thread: edu.fiu.cis.feedClient.FeedClient@627787a5
INFO Thread-4 edu.fiu.cis.feedClient.FeedClient - Start ClientFeed Thread: edu.fiu.cis.feedClient.FeedClient@2c006765
INFO main edu.fiu.cis.feedClient.FeedMain - Done
INFO Thread-5 edu.fiu.cis.feedClient.FeedClient - Start ClientFeed Thread: edu.fiu.cis.feedClient.FeedClient@4ed7581b
ERROR Thread-5 edu.fiu.cis.feedClient.PersistEntryDBImpl - Column 'link' cannot be null
ERROR Thread-5 edu.fiu.cis.feedClient.PersistEntryDBImpl - Column 'link' cannot be null
ERROR Thread-5 edu.fiu.cis.feedClient.PersistEntryDBImpl - Column 'link' cannot be null
ERROR Thread-5 edu.fiu.cis.feedClient.PersistEntryDBImpl - Column 'link' cannot be null
ERROR Thread-5 edu.fiu.cis.feedClient.PersistEntryDBImpl - Column 'link' cannot be null
ERROR Thread-5 edu.fiu.cis.feedClient.PersistEntryDBImpl - Column 'link' cannot be null
ERROR Thread-5 edu.fiu.cis.feedClient.PersistEntryDBImpl - Column 'link' cannot be null
ERROR Thread-5 edu.fiu.cis.feedClient.PersistEntryDBImpl - Column 'link' cannot be null
ERROR Thread-5 edu.fiu.cis.feedClient.PersistEntryDBImpl - Column 'link' cannot be null
ERROR Thread-5 edu.fiu.cis.feedClient.PersistEntryDBImpl - Column 'link' cannot be null
ERROR Thread-5 edu.fiu.cis.feedClient.PersistEntryDBImpl - Column 'link' cannot be null
ERROR Thread-5 edu.fiu.cis.feedClient.PersistEntryDBImpl - Column 'link' cannot be null
ERROR Thread-5 edu.fiu.cis.feedClient.PersistEntryDBImpl - Column 'link' cannot be null
ERROR Thread-5 edu.fiu.cis.feedClient.PersistEntryDBImpl - Column 'link' cannot be null
ERROR Thread-5 edu.fiu.cis.feedClient.PersistEntryDBImpl - Column 'link' cannot be null
ERROR Thread-5 edu.fiu.cis.feedClient.PersistEntryDBImpl - Column 'link' cannot be null
ERROR Thread-5 edu.fiu.cis.feedClient.PersistEntryDBImpl - Column 'link' cannot be null
ERROR Thread-5 edu.fiu.cis.feedClient.PersistEntryDBImpl - Column 'link' cannot be null
ERROR Thread-5 edu.fiu.cis.feedClient.PersistEntryDBImpl - Column 'link' cannot be null
ERROR Thread-5 edu.fiu.cis.feedClient.PersistEntryDBImpl - Column 'link' cannot be null
ERROR Thread-5 edu.fiu.cis.feedClient.PersistEntryDBImpl - Column 'link' cannot be null
ERROR Thread-5 edu.fiu.cis.feedClient.PersistEntryDBImpl - Column 'link' cannot be null
ERROR Thread-5 edu.fiu.cis.feedClient.PersistEntryDBImpl - Column 'link' cannot be null
ERROR Thread-5 edu.fiu.cis.feedClient.PersistEntryDBImpl - Column 'link' cannot be null
ERROR Thread-5 edu.fiu.cis.feedClient.PersistEntryDBImpl - Column 'link' cannot be null
ERROR Thread-5 edu.fiu.cis.feedClient.PersistEntryDBImpl - Column 'link' cannot be null
ERROR Thread-5 edu.fiu.cis.feedClient.PersistEntryDBImpl - Column 'link' cannot be null
ERROR Thread-5 edu.fiu.cis.feedClient.PersistEntryDBImpl - Column 'link' cannot be null
ERROR Thread-5 edu.fiu.cis.feedClient.PersistEntryDBImpl - Column 'link' cannot be null
ERROR Thread-5 edu.fiu.cis.feedClient.PersistEntryDBImpl - Column 'link' cannot be null
ERROR Thread-5 edu.fiu.cis.feedClient.PersistEntryDBImpl - Column 'link' cannot be null
ERROR Thread-5 edu.fiu.cis.feedClient.PersistEntryDBImpl - Column 'link' cannot be null
ERROR Thread-5 edu.fiu.cis.feedClient.PersistEntryDBImpl - Column 'link' cannot be null
ERROR Thread-5 edu.fiu.cis.feedClient.PersistEntryDBImpl - Column 'link' cannot be null
ERROR Thread-5 edu.fiu.cis.feedClient.PersistEntryDBImpl - Column 'link' cannot be null
ERROR Thread-5 edu.fiu.cis.feedClient.PersistEntryDBImpl - Column 'link' cannot be null
ERROR Thread-5 edu.fiu.cis.feedClient.PersistEntryDBImpl - Column 'link' cannot be null
ERROR Thread-5 edu.fiu.cis.feedClient.PersistEntryDBImpl - Column 'link' cannot be null
ERROR Thread-5 edu.fiu.cis.feedClient.PersistEntryDBImpl - Column 'link' cannot be null
ERROR Thread-5 edu.fiu.cis.feedClient.PersistEntryDBImpl - Column 'link' cannot be null
ERROR Thread-5 edu.fiu.cis.feedClient.PersistEntryDBImpl - Column 'link' cannot be null
ERROR Thread-5 edu.fiu.cis.feedClient.PersistEntryDBImpl - Column 'link' cannot be null
ERROR Thread-5 edu.fiu.cis.feedClient.PersistEntryDBImpl - Column 'link' cannot be null
ERROR Thread-5 edu.fiu.cis.feedClient.PersistEntryDBImpl - Column 'link' cannot be null
ERROR Thread-5 edu.fiu.cis.feedClient.PersistEntryDBImpl - Column 'link' cannot be null
ERROR Thread-5 edu.fiu.cis.feedClient.PersistEntryDBImpl - Column 'link' cannot be null
ERROR Thread-5 edu.fiu.cis.feedClient.PersistEntryDBImpl - Column 'link' cannot be null
ERROR Thread-5 edu.fiu.cis.feedClient.PersistEntryDBImpl - Column 'link' cannot be null
ERROR Thread-5 edu.fiu.cis.feedClient.PersistEntryDBImpl - Column 'link' cannot be null
ERROR Thread-5 edu.fiu.cis.feedClient.PersistEntryDBImpl - Column 'link' cannot be null
ERROR Thread-5 edu.fiu.cis.feedClient.PersistEntryDBImpl - Column 'link' cannot be null
ERROR Thread-5 edu.fiu.cis.feedClient.PersistEntryDBImpl - Column 'link' cannot be null
ERROR Thread-5 edu.fiu.cis.feedClient.PersistEntryDBImpl - Column 'link' cannot be null
ERROR Thread-5 edu.fiu.cis.feedClient.PersistEntryDBImpl - Column 'link' cannot be null
ERROR Thread-5 edu.fiu.cis.feedClient.PersistEntryDBImpl - Column 'link' cannot be null
ERROR Thread-5 edu.fiu.cis.feedClient.PersistEntryDBImpl - Column 'link' cannot be null
ERROR Thread-5 edu.fiu.cis.feedClient.PersistEntryDBImpl - Column 'link' cannot be null
ERROR Thread-5 edu.fiu.cis.feedClient.PersistEntryDBImpl - Column 'link' cannot be null
ERROR Thread-5 edu.fiu.cis.feedClient.PersistEntryDBImpl - Column 'link' cannot be null
ERROR Thread-5 edu.fiu.cis.feedClient.PersistEntryDBImpl - Column 'link' cannot be null
ERROR Thread-5 edu.fiu.cis.feedClient.PersistEntryDBImpl - Column 'link' cannot be null
ERROR Thread-5 edu.fiu.cis.feedClient.PersistEntryDBImpl - Column 'link' cannot be null
ERROR Thread-5 edu.fiu.cis.feedClient.PersistEntryDBImpl - Column 'link' cannot be null
ERROR Thread-5 edu.fiu.cis.feedClient.PersistEntryDBImpl - Column 'link' cannot be null
ERROR Thread-5 edu.fiu.cis.feedClient.PersistEntryDBImpl - Column 'link' cannot be null
ERROR Thread-5 edu.fiu.cis.feedClient.PersistEntryDBImpl - Column 'link' cannot be null
ERROR Thread-5 edu.fiu.cis.feedClient.PersistEntryDBImpl - Column 'link' cannot be null
ERROR Thread-5 edu.fiu.cis.feedClient.PersistEntryDBImpl - Column 'link' cannot be null
ERROR Thread-5 edu.fiu.cis.feedClient.PersistEntryDBImpl - Column 'link' cannot be null
ERROR Thread-5 edu.fiu.cis.feedClient.PersistEntryDBImpl - Column 'link' cannot be null
ERROR Thread-5 edu.fiu.cis.feedClient.PersistEntryDBImpl - Column 'link' cannot be null
ERROR Thread-5 edu.fiu.cis.feedClient.PersistEntryDBImpl - Column 'link' cannot be null
ERROR Thread-5 edu.fiu.cis.feedClient.PersistEntryDBImpl - Column 'link' cannot be null
ERROR Thread-5 edu.fiu.cis.feedClient.PersistEntryDBImpl - Column 'link' cannot be null
ERROR Thread-5 edu.fiu.cis.feedClient.PersistEntryDBImpl - Column 'link' cannot be null
ERROR Thread-5 edu.fiu.cis.feedClient.PersistEntryDBImpl - Column 'link' cannot be null
ERROR Thread-5 edu.fiu.cis.feedClient.PersistEntryDBImpl - Column 'link' cannot be null
ERROR Thread-5 edu.fiu.cis.feedClient.PersistEntryDBImpl - Column 'link' cannot be null
ERROR Thread-5 edu.fiu.cis.feedClient.PersistEntryDBImpl - Column 'link' cannot be null
ERROR Thread-5 edu.fiu.cis.feedClient.PersistEntryDBImpl - Column 'link' cannot be null
ERROR Thread-5 edu.fiu.cis.feedClient.PersistEntryDBImpl - Column 'link' cannot be null
ERROR Thread-5 edu.fiu.cis.feedClient.PersistEntryDBImpl - Column 'link' cannot be null
ERROR Thread-5 edu.fiu.cis.feedClient.PersistEntryDBImpl - Column 'link' cannot be null
ERROR Thread-5 edu.fiu.cis.feedClient.PersistEntryDBImpl - Column 'link' cannot be null
ERROR Thread-5 edu.fiu.cis.feedClient.PersistEntryDBImpl - Column 'link' cannot be null
ERROR Thread-5 edu.fiu.cis.feedClient.PersistEntryDBImpl - Column 'link' cannot be null
ERROR Thread-5 edu.fiu.cis.feedClient.PersistEntryDBImpl - Column 'link' cannot be null
ERROR Thread-5 edu.fiu.cis.feedClient.PersistEntryDBImpl - Column 'link' cannot be null
ERROR Thread-5 edu.fiu.cis.feedClient.PersistEntryDBImpl - Column 'link' cannot be null
ERROR Thread-5 edu.fiu.cis.feedClient.PersistEntryDBImpl - Column 'link' cannot be null
ERROR Thread-5 edu.fiu.cis.feedClient.PersistEntryDBImpl - Column 'link' cannot be null
ERROR Thread-5 edu.fiu.cis.feedClient.PersistEntryDBImpl - Column 'link' cannot be null
ERROR Thread-5 edu.fiu.cis.feedClient.PersistEntryDBImpl - Column 'link' cannot be null
ERROR Thread-5 edu.fiu.cis.feedClient.PersistEntryDBImpl - Column 'link' cannot be null
ERROR Thread-5 edu.fiu.cis.feedClient.PersistEntryDBImpl - Column 'link' cannot be null
ERROR Thread-5 edu.fiu.cis.feedClient.PersistEntryDBImpl - Column 'link' cannot be null
ERROR Thread-5 edu.fiu.cis.feedClient.PersistEntryDBImpl - Column 'link' cannot be null
ERROR Thread-5 edu.fiu.cis.feedClient.PersistEntryDBImpl - Column 'link' cannot be null
ERROR Thread-5 edu.fiu.cis.feedClient.PersistEntryDBImpl - Column 'link' cannot be null
ERROR Thread-5 edu.fiu.cis.feedClient.PersistEntryDBImpl - Column 'link' cannot be null
ERROR Thread-5 edu.fiu.cis.feedClient.PersistEntryDBImpl - Column 'link' cannot be null
INFO main edu.fiu.cis.feedClient.FeedMain - Start Main Client Feed
INFO Thread-2 edu.fiu.cis.feedClient.FeedClient - Start ClientFeed Thread: edu.fiu.cis.feedClient.FeedClient@54083e1e
INFO Thread-3 edu.fiu.cis.feedClient.FeedClient - Start ClientFeed Thread: edu.fiu.cis.feedClient.FeedClient@f29df8a
INFO Thread-4 edu.fiu.cis.feedClient.FeedClient - Start ClientFeed Thread: edu.fiu.cis.feedClient.FeedClient@50739aa3
ERROR Thread-2 edu.fiu.cis.feedClient.FeedClient - Error parsing url:http://feeds.pheedo.com/wp-dyn/rss/linkset/2005/03/24/LI2005032400113_xml - Invalid XML: Error on line 985: The entity name must immediately follow the '&' in the entity reference.
INFO Thread-3 edu.fiu.cis.feedClient.FeedClient - End ClientFeed Thread: edu.fiu.cis.feedClient.FeedClient@f29df8a
ERROR Thread-4 edu.fiu.cis.feedClient.PersistEntryDBImpl - Data truncation: Data too long for column 'content' at row 1
ERROR Thread-4 edu.fiu.cis.feedClient.PersistEntryDBImpl - Data truncation: Data too long for column 'content' at row 1
INFO Thread-4 edu.fiu.cis.feedClient.FeedClient - End ClientFeed Thread: edu.fiu.cis.feedClient.FeedClient@50739aa3
INFO main edu.fiu.cis.feedClient.FeedMain - Done
INFO Thread-5 edu.fiu.cis.feedClient.FeedClient - Start ClientFeed Thread: edu.fiu.cis.feedClient.FeedClient@7859857a
ERROR Thread-5 edu.fiu.cis.feedClient.PersistEntryDBImpl - Column 'link' cannot be null
ERROR Thread-5 edu.fiu.cis.feedClient.PersistEntryDBImpl - Column 'link' cannot be null
ERROR Thread-5 edu.fiu.cis.feedClient.PersistEntryDBImpl - Column 'link' cannot be null
ERROR Thread-5 edu.fiu.cis.feedClient.PersistEntryDBImpl - Column 'link' cannot be null
ERROR Thread-5 edu.fiu.cis.feedClient.PersistEntryDBImpl - Column 'link' cannot be null
ERROR Thread-5 edu.fiu.cis.feedClient.PersistEntryDBImpl - Column 'link' cannot be null
ERROR Thread-5 edu.fiu.cis.feedClient.PersistEntryDBImpl - Column 'link' cannot be null
ERROR Thread-5 edu.fiu.cis.feedClient.PersistEntryDBImpl - Column 'link' cannot be null
ERROR Thread-5 edu.fiu.cis.feedClient.PersistEntryDBImpl - Column 'link' cannot be null
ERROR Thread-5 edu.fiu.cis.feedClient.PersistEntryDBImpl - Column 'link' cannot be null
ERROR Thread-5 edu.fiu.cis.feedClient.PersistEntryDBImpl - Column 'link' cannot be null
ERROR Thread-5 edu.fiu.cis.feedClient.PersistEntryDBImpl - Column 'link' cannot be null
ERROR Thread-5 edu.fiu.cis.feedClient.PersistEntryDBImpl - Column 'link' cannot be null
ERROR Thread-5 edu.fiu.cis.feedClient.PersistEntryDBImpl - Column 'link' cannot be null
ERROR Thread-5 edu.fiu.cis.feedClient.PersistEntryDBImpl - Column 'link' cannot be null
ERROR Thread-5 edu.fiu.cis.feedClient.PersistEntryDBImpl - Column 'link' cannot be null
ERROR Thread-5 edu.fiu.cis.feedClient.PersistEntryDBImpl - Column 'link' cannot be null
ERROR Thread-5 edu.fiu.cis.feedClient.PersistEntryDBImpl - Column 'link' cannot be null
ERROR Thread-5 edu.fiu.cis.feedClient.PersistEntryDBImpl - Column 'link' cannot be null
ERROR Thread-5 edu.fiu.cis.feedClient.PersistEntryDBImpl - Column 'link' cannot be null
ERROR Thread-5 edu.fiu.cis.feedClient.PersistEntryDBImpl - Column 'link' cannot be null
ERROR Thread-5 edu.fiu.cis.feedClient.PersistEntryDBImpl - Column 'link' cannot be null
ERROR Thread-5 edu.fiu.cis.feedClient.PersistEntryDBImpl - Column 'link' cannot be null
ERROR Thread-5 edu.fiu.cis.feedClient.PersistEntryDBImpl - Column 'link' cannot be null
ERROR Thread-5 edu.fiu.cis.feedClient.PersistEntryDBImpl - Column 'link' cannot be null
ERROR Thread-5 edu.fiu.cis.feedClient.PersistEntryDBImpl - Column 'link' cannot be null
ERROR Thread-5 edu.fiu.cis.feedClient.PersistEntryDBImpl - Column 'link' cannot be null
ERROR Thread-5 edu.fiu.cis.feedClient.PersistEntryDBImpl - Column 'link' cannot be null
ERROR Thread-5 edu.fiu.cis.feedClient.PersistEntryDBImpl - Column 'link' cannot be null
ERROR Thread-5 edu.fiu.cis.feedClient.PersistEntryDBImpl - Column 'link' cannot be null
ERROR Thread-5 edu.fiu.cis.feedClient.PersistEntryDBImpl - Column 'link' cannot be null
ERROR Thread-5 edu.fiu.cis.feedClient.PersistEntryDBImpl - Column 'link' cannot be null
ERROR Thread-5 edu.fiu.cis.feedClient.PersistEntryDBImpl - Column 'link' cannot be null
ERROR Thread-5 edu.fiu.cis.feedClient.PersistEntryDBImpl - Column 'link' cannot be null
ERROR Thread-5 edu.fiu.cis.feedClient.PersistEntryDBImpl - Column 'link' cannot be null
ERROR Thread-5 edu.fiu.cis.feedClient.PersistEntryDBImpl - Column 'link' cannot be null
ERROR Thread-5 edu.fiu.cis.feedClient.PersistEntryDBImpl - Column 'link' cannot be null
ERROR Thread-5 edu.fiu.cis.feedClient.PersistEntryDBImpl - Column 'link' cannot be null
ERROR Thread-5 edu.fiu.cis.feedClient.PersistEntryDBImpl - Column 'link' cannot be null
ERROR Thread-5 edu.fiu.cis.feedClient.PersistEntryDBImpl - Column 'link' cannot be null
ERROR Thread-5 edu.fiu.cis.feedClient.PersistEntryDBImpl - Column 'link' cannot be null
ERROR Thread-5 edu.fiu.cis.feedClient.PersistEntryDBImpl - Column 'link' cannot be null
ERROR Thread-5 edu.fiu.cis.feedClient.PersistEntryDBImpl - Column 'link' cannot be null
ERROR Thread-5 edu.fiu.cis.feedClient.PersistEntryDBImpl - Column 'link' cannot be null
ERROR Thread-5 edu.fiu.cis.feedClient.PersistEntryDBImpl - Column 'link' cannot be null
ERROR Thread-5 edu.fiu.cis.feedClient.PersistEntryDBImpl - Column 'link' cannot be null
ERROR Thread-5 edu.fiu.cis.feedClient.PersistEntryDBImpl - Column 'link' cannot be null
ERROR Thread-5 edu.fiu.cis.feedClient.PersistEntryDBImpl - Column 'link' cannot be null
ERROR Thread-5 edu.fiu.cis.feedClient.PersistEntryDBImpl - Column 'link' cannot be null
ERROR Thread-5 edu.fiu.cis.feedClient.PersistEntryDBImpl - Column 'link' cannot be null
ERROR Thread-5 edu.fiu.cis.feedClient.PersistEntryDBImpl - Column 'link' cannot be null
ERROR Thread-5 edu.fiu.cis.feedClient.PersistEntryDBImpl - Column 'link' cannot be null
ERROR Thread-5 edu.fiu.cis.feedClient.PersistEntryDBImpl - Column 'link' cannot be null
ERROR Thread-5 edu.fiu.cis.feedClient.PersistEntryDBImpl - Column 'link' cannot be null
ERROR Thread-5 edu.fiu.cis.feedClient.PersistEntryDBImpl - Column 'link' cannot be null
ERROR Thread-5 edu.fiu.cis.feedClient.PersistEntryDBImpl - Column 'link' cannot be null
ERROR Thread-5 edu.fiu.cis.feedClient.PersistEntryDBImpl - Column 'link' cannot be null
ERROR Thread-5 edu.fiu.cis.feedClient.PersistEntryDBImpl - Column 'link' cannot be null
ERROR Thread-5 edu.fiu.cis.feedClient.PersistEntryDBImpl - Column 'link' cannot be null
ERROR Thread-5 edu.fiu.cis.feedClient.PersistEntryDBImpl - Column 'link' cannot be null
ERROR Thread-5 edu.fiu.cis.feedClient.PersistEntryDBImpl - Column 'link' cannot be null
ERROR Thread-5 edu.fiu.cis.feedClient.PersistEntryDBImpl - Column 'link' cannot be null
ERROR Thread-5 edu.fiu.cis.feedClient.PersistEntryDBImpl - Column 'link' cannot be null
ERROR Thread-5 edu.fiu.cis.feedClient.PersistEntryDBImpl - Column 'link' cannot be null
ERROR Thread-5 edu.fiu.cis.feedClient.PersistEntryDBImpl - Column 'link' cannot be null
ERROR Thread-5 edu.fiu.cis.feedClient.PersistEntryDBImpl - Column 'link' cannot be null
ERROR Thread-5 edu.fiu.cis.feedClient.PersistEntryDBImpl - Column 'link' cannot be null
ERROR Thread-5 edu.fiu.cis.feedClient.PersistEntryDBImpl - Column 'link' cannot be null
ERROR Thread-5 edu.fiu.cis.feedClient.PersistEntryDBImpl - Column 'link' cannot be null
ERROR Thread-5 edu.fiu.cis.feedClient.PersistEntryDBImpl - Column 'link' cannot be null
ERROR Thread-5 edu.fiu.cis.feedClient.PersistEntryDBImpl - Column 'link' cannot be null
ERROR Thread-5 edu.fiu.cis.feedClient.PersistEntryDBImpl - Column 'link' cannot be null
ERROR Thread-5 edu.fiu.cis.feedClient.PersistEntryDBImpl - Column 'link' cannot be null
ERROR Thread-5 edu.fiu.cis.feedClient.PersistEntryDBImpl - Column 'link' cannot be null
ERROR Thread-5 edu.fiu.cis.feedClient.PersistEntryDBImpl - Column 'link' cannot be null
ERROR Thread-5 edu.fiu.cis.feedClient.PersistEntryDBImpl - Column 'link' cannot be null
ERROR Thread-5 edu.fiu.cis.feedClient.PersistEntryDBImpl - Column 'link' cannot be null
ERROR Thread-5 edu.fiu.cis.feedClient.PersistEntryDBImpl - Column 'link' cannot be null
ERROR Thread-5 edu.fiu.cis.feedClient.PersistEntryDBImpl - Column 'link' cannot be null
ERROR Thread-5 edu.fiu.cis.feedClient.PersistEntryDBImpl - Column 'link' cannot be null
ERROR Thread-5 edu.fiu.cis.feedClient.PersistEntryDBImpl - Column 'link' cannot be null
ERROR Thread-5 edu.fiu.cis.feedClient.PersistEntryDBImpl - Column 'link' cannot be null
ERROR Thread-5 edu.fiu.cis.feedClient.PersistEntryDBImpl - Column 'link' cannot be null
ERROR Thread-5 edu.fiu.cis.feedClient.PersistEntryDBImpl - Column 'link' cannot be null
ERROR Thread-5 edu.fiu.cis.feedClient.PersistEntryDBImpl - Column 'link' cannot be null
ERROR Thread-5 edu.fiu.cis.feedClient.PersistEntryDBImpl - Column 'link' cannot be null
ERROR Thread-5 edu.fiu.cis.feedClient.PersistEntryDBImpl - Column 'link' cannot be null
ERROR Thread-5 edu.fiu.cis.feedClient.PersistEntryDBImpl - Column 'link' cannot be null
ERROR Thread-5 edu.fiu.cis.feedClient.PersistEntryDBImpl - Column 'link' cannot be null
ERROR Thread-5 edu.fiu.cis.feedClient.PersistEntryDBImpl - Column 'link' cannot be null
ERROR Thread-5 edu.fiu.cis.feedClient.PersistEntryDBImpl - Column 'link' cannot be null
ERROR Thread-5 edu.fiu.cis.feedClient.PersistEntryDBImpl - Column 'link' cannot be null
ERROR Thread-5 edu.fiu.cis.feedClient.PersistEntryDBImpl - Column 'link' cannot be null
ERROR Thread-5 edu.fiu.cis.feedClient.PersistEntryDBImpl - Column 'link' cannot be null
ERROR Thread-5 edu.fiu.cis.feedClient.PersistEntryDBImpl - Column 'link' cannot be null
ERROR Thread-5 edu.fiu.cis.feedClient.PersistEntryDBImpl - Column 'link' cannot be null
ERROR Thread-5 edu.fiu.cis.feedClient.PersistEntryDBImpl - Column 'link' cannot be null
ERROR Thread-5 edu.fiu.cis.feedClient.PersistEntryDBImpl - Column 'link' cannot be null
ERROR Thread-5 edu.fiu.cis.feedClient.PersistEntryDBImpl - Column 'link' cannot be null
ERROR Thread-5 edu.fiu.cis.feedClient.PersistEntryDBImpl - Column 'link' cannot be null
ERROR Thread-5 edu.fiu.cis.feedClient.PersistEntryDBImpl - Column 'link' cannot be null
ERROR Thread-5 edu.fiu.cis.feedClient.FeedClient - Error parsing url:http://www.miamiherald.com/orthodox-miami/index.xml - Invalid XML
INFO main edu.fiu.cis.feedClient.FeedMain - Start Main Client Feed
INFO Thread-2 edu.fiu.cis.feedClient.FeedClient - Start ClientFeed Thread: edu.fiu.cis.feedClient.FeedClient@53797795
INFO Thread-3 edu.fiu.cis.feedClient.FeedClient - Start ClientFeed Thread: edu.fiu.cis.feedClient.FeedClient@26a7dd39
INFO Thread-4 edu.fiu.cis.feedClient.FeedClient - Start ClientFeed Thread: edu.fiu.cis.feedClient.FeedClient@1b980630
INFO main edu.fiu.cis.feedClient.FeedMain - Done
INFO Thread-5 edu.fiu.cis.feedClient.FeedClient - Start ClientFeed Thread: edu.fiu.cis.feedClient.FeedClient@24c68a98
ERROR Thread-5 edu.fiu.cis.feedClient.PersistEntryDBImpl - Column 'link' cannot be null
ERROR Thread-5 edu.fiu.cis.feedClient.PersistEntryDBImpl - Column 'link' cannot be null
ERROR Thread-5 edu.fiu.cis.feedClient.PersistEntryDBImpl - Column 'link' cannot be null
ERROR Thread-5 edu.fiu.cis.feedClient.PersistEntryDBImpl - Column 'link' cannot be null
ERROR Thread-5 edu.fiu.cis.feedClient.PersistEntryDBImpl - Column 'link' cannot be null
ERROR Thread-5 edu.fiu.cis.feedClient.PersistEntryDBImpl - Column 'link' cannot be null
ERROR Thread-5 edu.fiu.cis.feedClient.PersistEntryDBImpl - Column 'link' cannot be null
ERROR Thread-5 edu.fiu.cis.feedClient.PersistEntryDBImpl - Column 'link' cannot be null
ERROR Thread-5 edu.fiu.cis.feedClient.PersistEntryDBImpl - Column 'link' cannot be null
ERROR Thread-5 edu.fiu.cis.feedClient.PersistEntryDBImpl - Column 'link' cannot be null
ERROR Thread-5 edu.fiu.cis.feedClient.PersistEntryDBImpl - Column 'link' cannot be null
ERROR Thread-5 edu.fiu.cis.feedClient.PersistEntryDBImpl - Column 'link' cannot be null
ERROR Thread-5 edu.fiu.cis.feedClient.PersistEntryDBImpl - Column 'link' cannot be null
ERROR Thread-5 edu.fiu.cis.feedClient.PersistEntryDBImpl - Column 'link' cannot be null
ERROR Thread-5 edu.fiu.cis.feedClient.PersistEntryDBImpl - Column 'link' cannot be null
ERROR Thread-5 edu.fiu.cis.feedClient.PersistEntryDBImpl - Column 'link' cannot be null
ERROR Thread-5 edu.fiu.cis.feedClient.PersistEntryDBImpl - Column 'link' cannot be null
ERROR Thread-5 edu.fiu.cis.feedClient.PersistEntryDBImpl - Column 'link' cannot be null
ERROR Thread-5 edu.fiu.cis.feedClient.PersistEntryDBImpl - Column 'link' cannot be null
ERROR Thread-5 edu.fiu.cis.feedClient.PersistEntryDBImpl - Column 'link' cannot be null
ERROR Thread-5 edu.fiu.cis.feedClient.PersistEntryDBImpl - Column 'link' cannot be null
ERROR Thread-5 edu.fiu.cis.feedClient.PersistEntryDBImpl - Column 'link' cannot be null
ERROR Thread-5 edu.fiu.cis.feedClient.PersistEntryDBImpl - Column 'link' cannot be null
ERROR Thread-5 edu.fiu.cis.feedClient.PersistEntryDBImpl - Column 'link' cannot be null
ERROR Thread-5 edu.fiu.cis.feedClient.PersistEntryDBImpl - Column 'link' cannot be null
ERROR Thread-5 edu.fiu.cis.feedClient.PersistEntryDBImpl - Column 'link' cannot be null
ERROR Thread-5 edu.fiu.cis.feedClient.PersistEntryDBImpl - Column 'link' cannot be null
ERROR Thread-5 edu.fiu.cis.feedClient.PersistEntryDBImpl - Column 'link' cannot be null
ERROR Thread-5 edu.fiu.cis.feedClient.PersistEntryDBImpl - Column 'link' cannot be null
ERROR Thread-5 edu.fiu.cis.feedClient.PersistEntryDBImpl - Column 'link' cannot be null
ERROR Thread-5 edu.fiu.cis.feedClient.PersistEntryDBImpl - Column 'link' cannot be null
ERROR Thread-5 edu.fiu.cis.feedClient.PersistEntryDBImpl - Column 'link' cannot be null
ERROR Thread-5 edu.fiu.cis.feedClient.PersistEntryDBImpl - Column 'link' cannot be null
ERROR Thread-5 edu.fiu.cis.feedClient.PersistEntryDBImpl - Column 'link' cannot be null
ERROR Thread-5 edu.fiu.cis.feedClient.PersistEntryDBImpl - Column 'link' cannot be null
ERROR Thread-5 edu.fiu.cis.feedClient.PersistEntryDBImpl - Column 'link' cannot be null
ERROR Thread-5 edu.fiu.cis.feedClient.PersistEntryDBImpl - Column 'link' cannot be null
ERROR Thread-5 edu.fiu.cis.feedClient.PersistEntryDBImpl - Column 'link' cannot be null
ERROR Thread-5 edu.fiu.cis.feedClient.PersistEntryDBImpl - Column 'link' cannot be null
ERROR Thread-5 edu.fiu.cis.feedClient.PersistEntryDBImpl - Column 'link' cannot be null
ERROR Thread-5 edu.fiu.cis.feedClient.PersistEntryDBImpl - Column 'link' cannot be null
ERROR Thread-5 edu.fiu.cis.feedClient.PersistEntryDBImpl - Column 'link' cannot be null
ERROR Thread-5 edu.fiu.cis.feedClient.PersistEntryDBImpl - Column 'link' cannot be null
ERROR Thread-5 edu.fiu.cis.feedClient.PersistEntryDBImpl - Column 'link' cannot be null
ERROR Thread-5 edu.fiu.cis.feedClient.PersistEntryDBImpl - Column 'link' cannot be null
ERROR Thread-5 edu.fiu.cis.feedClient.PersistEntryDBImpl - Column 'link' cannot be null
ERROR Thread-5 edu.fiu.cis.feedClient.PersistEntryDBImpl - Column 'link' cannot be null
ERROR Thread-5 edu.fiu.cis.feedClient.PersistEntryDBImpl - Column 'link' cannot be null
ERROR Thread-5 edu.fiu.cis.feedClient.PersistEntryDBImpl - Column 'link' cannot be null
ERROR Thread-5 edu.fiu.cis.feedClient.PersistEntryDBImpl - Column 'link' cannot be null
ERROR Thread-5 edu.fiu.cis.feedClient.PersistEntryDBImpl - Column 'link' cannot be null
ERROR Thread-5 edu.fiu.cis.feedClient.PersistEntryDBImpl - Column 'link' cannot be null
ERROR Thread-5 edu.fiu.cis.feedClient.PersistEntryDBImpl - Column 'link' cannot be null
ERROR Thread-5 edu.fiu.cis.feedClient.PersistEntryDBImpl - Column 'link' cannot be null
ERROR Thread-5 edu.fiu.cis.feedClient.PersistEntryDBImpl - Column 'link' cannot be null
ERROR Thread-5 edu.fiu.cis.feedClient.PersistEntryDBImpl - Column 'link' cannot be null
ERROR Thread-5 edu.fiu.cis.feedClient.PersistEntryDBImpl - Column 'link' cannot be null
ERROR Thread-5 edu.fiu.cis.feedClient.PersistEntryDBImpl - Column 'link' cannot be null
ERROR Thread-5 edu.fiu.cis.feedClient.PersistEntryDBImpl - Column 'link' cannot be null
ERROR Thread-5 edu.fiu.cis.feedClient.PersistEntryDBImpl - Column 'link' cannot be null
ERROR Thread-5 edu.fiu.cis.feedClient.PersistEntryDBImpl - Column 'link' cannot be null
ERROR Thread-5 edu.fiu.cis.feedClient.PersistEntryDBImpl - Column 'link' cannot be null
ERROR Thread-5 edu.fiu.cis.feedClient.PersistEntryDBImpl - Column 'link' cannot be null
ERROR Thread-5 edu.fiu.cis.feedClient.PersistEntryDBImpl - Column 'link' cannot be null
ERROR Thread-5 edu.fiu.cis.feedClient.PersistEntryDBImpl - Column 'link' cannot be null
ERROR Thread-5 edu.fiu.cis.feedClient.PersistEntryDBImpl - Column 'link' cannot be null
ERROR Thread-5 edu.fiu.cis.feedClient.PersistEntryDBImpl - Column 'link' cannot be null
ERROR Thread-5 edu.fiu.cis.feedClient.PersistEntryDBImpl - Column 'link' cannot be null
ERROR Thread-5 edu.fiu.cis.feedClient.PersistEntryDBImpl - Column 'link' cannot be null
ERROR Thread-5 edu.fiu.cis.feedClient.PersistEntryDBImpl - Column 'link' cannot be null
ERROR Thread-5 edu.fiu.cis.feedClient.PersistEntryDBImpl - Column 'link' cannot be null
ERROR Thread-5 edu.fiu.cis.feedClient.PersistEntryDBImpl - Column 'link' cannot be null
ERROR Thread-5 edu.fiu.cis.feedClient.PersistEntryDBImpl - Column 'link' cannot be null
ERROR Thread-5 edu.fiu.cis.feedClient.PersistEntryDBImpl - Column 'link' cannot be null
ERROR Thread-5 edu.fiu.cis.feedClient.PersistEntryDBImpl - Column 'link' cannot be null
ERROR Thread-5 edu.fiu.cis.feedClient.PersistEntryDBImpl - Column 'link' cannot be null
ERROR Thread-5 edu.fiu.cis.feedClient.PersistEntryDBImpl - Column 'link' cannot be null
ERROR Thread-5 edu.fiu.cis.feedClient.PersistEntryDBImpl - Column 'link' cannot be null
ERROR Thread-5 edu.fiu.cis.feedClient.PersistEntryDBImpl - Column 'link' cannot be null
ERROR Thread-5 edu.fiu.cis.feedClient.PersistEntryDBImpl - Column 'link' cannot be null
ERROR Thread-5 edu.fiu.cis.feedClient.PersistEntryDBImpl - Column 'link' cannot be null
ERROR Thread-5 edu.fiu.cis.feedClient.PersistEntryDBImpl - Column 'link' cannot be null
ERROR Thread-5 edu.fiu.cis.feedClient.PersistEntryDBImpl - Column 'link' cannot be null
ERROR Thread-5 edu.fiu.cis.feedClient.PersistEntryDBImpl - Column 'link' cannot be null
ERROR Thread-5 edu.fiu.cis.feedClient.PersistEntryDBImpl - Column 'link' cannot be null
ERROR Thread-5 edu.fiu.cis.feedClient.PersistEntryDBImpl - Column 'link' cannot be null
ERROR Thread-5 edu.fiu.cis.feedClient.PersistEntryDBImpl - Column 'link' cannot be null
ERROR Thread-5 edu.fiu.cis.feedClient.PersistEntryDBImpl - Column 'link' cannot be null
ERROR Thread-5 edu.fiu.cis.feedClient.PersistEntryDBImpl - Column 'link' cannot be null
ERROR Thread-5 edu.fiu.cis.feedClient.PersistEntryDBImpl - Column 'link' cannot be null
ERROR Thread-5 edu.fiu.cis.feedClient.PersistEntryDBImpl - Column 'link' cannot be null
ERROR Thread-5 edu.fiu.cis.feedClient.PersistEntryDBImpl - Column 'link' cannot be null
ERROR Thread-5 edu.fiu.cis.feedClient.PersistEntryDBImpl - Column 'link' cannot be null
ERROR Thread-5 edu.fiu.cis.feedClient.PersistEntryDBImpl - Column 'link' cannot be null
ERROR Thread-5 edu.fiu.cis.feedClient.PersistEntryDBImpl - Column 'link' cannot be null
ERROR Thread-5 edu.fiu.cis.feedClient.PersistEntryDBImpl - Column 'link' cannot be null
ERROR Thread-5 edu.fiu.cis.feedClient.PersistEntryDBImpl - Column 'link' cannot be null
ERROR Thread-5 edu.fiu.cis.feedClient.PersistEntryDBImpl - Column 'link' cannot be null
ERROR Thread-5 edu.fiu.cis.feedClient.PersistEntryDBImpl - Column 'link' cannot be null
ERROR Thread-5 edu.fiu.cis.feedClient.PersistEntryDBImpl - Column 'link' cannot be null
ERROR Thread-5 edu.fiu.cis.feedClient.PersistEntryDBImpl - Column 'link' cannot be null
ERROR Thread-5 edu.fiu.cis.feedClient.FeedClient - Error parsing url:http://www.miamiherald.com/orthodox-miami/index.xml - Invalid XML
ERROR Thread-5 edu.fiu.cis.feedClient.FeedClient - Error parsing url:http://www.miamiherald.com/entertainment/nightlife/index.xml - http://www.miamiherald.com/entertainment/nightlife/index.xml
INFO Thread-5 edu.fiu.cis.feedClient.FeedClient - End ClientFeed Thread: edu.fiu.cis.feedClient.FeedClient@24c68a98
ERROR Thread-4 edu.fiu.cis.feedClient.PersistEntryDBImpl - Data truncation: Data too long for column 'content' at row 1
ERROR Thread-4 edu.fiu.cis.feedClient.PersistEntryDBImpl - Data truncation: Data too long for column 'content' at row 1
INFO Thread-4 edu.fiu.cis.feedClient.FeedClient - End ClientFeed Thread: edu.fiu.cis.feedClient.FeedClient@1b980630
ERROR main edu.fiu.cis.feedClient.UrlFeedServerFixTranslator - unknown protocol: ttp
INFO main edu.fiu.cis.feedClient.FeedClient - Start ClientFeed Thread: edu.fiu.cis.feedClient.FeedClient@76d67067
ERROR main edu.fiu.cis.feedClient.FeedClient - Error parsing url:http://feeds.pheedo.com/wp-dyn/rss/linkset/2005/03/24/LI2005032400113_xml - Invalid XML: Error on line 985: The entity name must immediately follow the '&' in the entity reference.
ERROR main edu.fiu.cis.feedClient.PersistEntryDBImpl - Data truncation: Data too long for column 'content' at row 1
ERROR main edu.fiu.cis.feedClient.PersistEntryDBImpl - Communications link failure

The last packet successfully received from the server was 525,978 milliseconds ago.  The last packet sent successfully to the server was 2 milliseconds ago.
ERROR main edu.fiu.cis.feedClient.UrlFeedServerFixTranslator - unknown protocol: ttp
INFO main edu.fiu.cis.feedClient.FeedClient - Start ClientFeed Thread: edu.fiu.cis.feedClient.FeedClient@87e9ce2
ERROR main edu.fiu.cis.feedClient.FeedClient - Error parsing url:http://feeds.pheedo.com/wp-dyn/rss/linkset/2005/03/24/LI2005032400113_xml - Invalid XML: Error on line 985: The entity name must immediately follow the '&' in the entity reference.
ERROR main edu.fiu.cis.feedClient.FeedClient - Error parsing url:http://www.washingtonpost.com/wp-dyn/rss/linkset/2009/06/17/LI2009061701345.xml - Invalid XML
ERROR main edu.fiu.cis.feedClient.PersistEntryDBImpl - Data truncation: Data too long for column 'content' at row 1
ERROR main edu.fiu.cis.feedClient.PersistEntryDBImpl - Data truncation: Data too long for column 'content' at row 1
ERROR main edu.fiu.cis.feedClient.PersistEntryDBImpl - Column 'link' cannot be null
ERROR main edu.fiu.cis.feedClient.PersistEntryDBImpl - Column 'link' cannot be null
ERROR main edu.fiu.cis.feedClient.PersistEntryDBImpl - Column 'link' cannot be null
ERROR main edu.fiu.cis.feedClient.PersistEntryDBImpl - Column 'link' cannot be null
ERROR main edu.fiu.cis.feedClient.PersistEntryDBImpl - Column 'link' cannot be null
ERROR main edu.fiu.cis.feedClient.PersistEntryDBImpl - Column 'link' cannot be null
ERROR main edu.fiu.cis.feedClient.PersistEntryDBImpl - Column 'link' cannot be null
ERROR main edu.fiu.cis.feedClient.PersistEntryDBImpl - Column 'link' cannot be null
ERROR main edu.fiu.cis.feedClient.PersistEntryDBImpl - Column 'link' cannot be null
ERROR main edu.fiu.cis.feedClient.PersistEntryDBImpl - Column 'link' cannot be null
ERROR main edu.fiu.cis.feedClient.PersistEntryDBImpl - Column 'link' cannot be null
ERROR main edu.fiu.cis.feedClient.PersistEntryDBImpl - Column 'link' cannot be null
ERROR main edu.fiu.cis.feedClient.PersistEntryDBImpl - Column 'link' cannot be null
ERROR main edu.fiu.cis.feedClient.PersistEntryDBImpl - Column 'link' cannot be null
ERROR main edu.fiu.cis.feedClient.PersistEntryDBImpl - Column 'link' cannot be null
ERROR main edu.fiu.cis.feedClient.PersistEntryDBImpl - Column 'link' cannot be null
ERROR main edu.fiu.cis.feedClient.PersistEntryDBImpl - Column 'link' cannot be null
ERROR main edu.fiu.cis.feedClient.PersistEntryDBImpl - Column 'link' cannot be null
ERROR main edu.fiu.cis.feedClient.PersistEntryDBImpl - Column 'link' cannot be null
ERROR main edu.fiu.cis.feedClient.PersistEntryDBImpl - Column 'link' cannot be null
ERROR main edu.fiu.cis.feedClient.PersistEntryDBImpl - Column 'link' cannot be null
ERROR main edu.fiu.cis.feedClient.PersistEntryDBImpl - Column 'link' cannot be null
ERROR main edu.fiu.cis.feedClient.PersistEntryDBImpl - Column 'link' cannot be null
ERROR main edu.fiu.cis.feedClient.PersistEntryDBImpl - Column 'link' cannot be null
ERROR main edu.fiu.cis.feedClient.PersistEntryDBImpl - Column 'link' cannot be null
ERROR main edu.fiu.cis.feedClient.PersistEntryDBImpl - Column 'link' cannot be null
ERROR main edu.fiu.cis.feedClient.PersistEntryDBImpl - Column 'link' cannot be null
ERROR main edu.fiu.cis.feedClient.PersistEntryDBImpl - Column 'link' cannot be null
ERROR main edu.fiu.cis.feedClient.PersistEntryDBImpl - Column 'link' cannot be null
ERROR main edu.fiu.cis.feedClient.PersistEntryDBImpl - Column 'link' cannot be null
ERROR main edu.fiu.cis.feedClient.PersistEntryDBImpl - Column 'link' cannot be null
ERROR main edu.fiu.cis.feedClient.PersistEntryDBImpl - Column 'link' cannot be null
ERROR main edu.fiu.cis.feedClient.PersistEntryDBImpl - Column 'link' cannot be null
ERROR main edu.fiu.cis.feedClient.PersistEntryDBImpl - Column 'link' cannot be null
ERROR main edu.fiu.cis.feedClient.PersistEntryDBImpl - Column 'link' cannot be null
ERROR main edu.fiu.cis.feedClient.PersistEntryDBImpl - Column 'link' cannot be null
ERROR main edu.fiu.cis.feedClient.PersistEntryDBImpl - Column 'link' cannot be null
ERROR main edu.fiu.cis.feedClient.PersistEntryDBImpl - Column 'link' cannot be null
ERROR main edu.fiu.cis.feedClient.PersistEntryDBImpl - Column 'link' cannot be null
ERROR main edu.fiu.cis.feedClient.PersistEntryDBImpl - Column 'link' cannot be null
ERROR main edu.fiu.cis.feedClient.PersistEntryDBImpl - Column 'link' cannot be null
ERROR main edu.fiu.cis.feedClient.PersistEntryDBImpl - Column 'link' cannot be null
ERROR main edu.fiu.cis.feedClient.PersistEntryDBImpl - Column 'link' cannot be null
ERROR main edu.fiu.cis.feedClient.PersistEntryDBImpl - Column 'link' cannot be null
ERROR main edu.fiu.cis.feedClient.PersistEntryDBImpl - Column 'link' cannot be null
ERROR main edu.fiu.cis.feedClient.PersistEntryDBImpl - Column 'link' cannot be null
ERROR main edu.fiu.cis.feedClient.PersistEntryDBImpl - Column 'link' cannot be null
ERROR main edu.fiu.cis.feedClient.PersistEntryDBImpl - Column 'link' cannot be null
ERROR main edu.fiu.cis.feedClient.PersistEntryDBImpl - Column 'link' cannot be null
ERROR main edu.fiu.cis.feedClient.PersistEntryDBImpl - Column 'link' cannot be null
ERROR main edu.fiu.cis.feedClient.PersistEntryDBImpl - Column 'link' cannot be null
ERROR main edu.fiu.cis.feedClient.PersistEntryDBImpl - Column 'link' cannot be null
ERROR main edu.fiu.cis.feedClient.PersistEntryDBImpl - Column 'link' cannot be null
ERROR main edu.fiu.cis.feedClient.PersistEntryDBImpl - Column 'link' cannot be null
ERROR main edu.fiu.cis.feedClient.PersistEntryDBImpl - Column 'link' cannot be null
ERROR main edu.fiu.cis.feedClient.PersistEntryDBImpl - Column 'link' cannot be null
ERROR main edu.fiu.cis.feedClient.PersistEntryDBImpl - Column 'link' cannot be null
ERROR main edu.fiu.cis.feedClient.PersistEntryDBImpl - Column 'link' cannot be null
ERROR main edu.fiu.cis.feedClient.PersistEntryDBImpl - Column 'link' cannot be null
ERROR main edu.fiu.cis.feedClient.PersistEntryDBImpl - Column 'link' cannot be null
ERROR main edu.fiu.cis.feedClient.PersistEntryDBImpl - Column 'link' cannot be null
ERROR main edu.fiu.cis.feedClient.PersistEntryDBImpl - Column 'link' cannot be null
ERROR main edu.fiu.cis.feedClient.PersistEntryDBImpl - Column 'link' cannot be null
ERROR main edu.fiu.cis.feedClient.PersistEntryDBImpl - Column 'link' cannot be null
ERROR main edu.fiu.cis.feedClient.PersistEntryDBImpl - Column 'link' cannot be null
ERROR main edu.fiu.cis.feedClient.PersistEntryDBImpl - Column 'link' cannot be null
ERROR main edu.fiu.cis.feedClient.PersistEntryDBImpl - Column 'link' cannot be null
ERROR main edu.fiu.cis.feedClient.PersistEntryDBImpl - Column 'link' cannot be null
ERROR main edu.fiu.cis.feedClient.PersistEntryDBImpl - Column 'link' cannot be null
ERROR main edu.fiu.cis.feedClient.PersistEntryDBImpl - Column 'link' cannot be null
ERROR main edu.fiu.cis.feedClient.PersistEntryDBImpl - Column 'link' cannot be null
ERROR main edu.fiu.cis.feedClient.PersistEntryDBImpl - Column 'link' cannot be null
ERROR main edu.fiu.cis.feedClient.PersistEntryDBImpl - Column 'link' cannot be null
ERROR main edu.fiu.cis.feedClient.PersistEntryDBImpl - Column 'link' cannot be null
ERROR main edu.fiu.cis.feedClient.PersistEntryDBImpl - Column 'link' cannot be null
ERROR main edu.fiu.cis.feedClient.PersistEntryDBImpl - Column 'link' cannot be null
ERROR main edu.fiu.cis.feedClient.PersistEntryDBImpl - Column 'link' cannot be null
ERROR main edu.fiu.cis.feedClient.PersistEntryDBImpl - Column 'link' cannot be null
ERROR main edu.fiu.cis.feedClient.PersistEntryDBImpl - Column 'link' cannot be null
ERROR main edu.fiu.cis.feedClient.PersistEntryDBImpl - Column 'link' cannot be null
ERROR main edu.fiu.cis.feedClient.PersistEntryDBImpl - Column 'link' cannot be null
ERROR main edu.fiu.cis.feedClient.PersistEntryDBImpl - Column 'link' cannot be null
ERROR main edu.fiu.cis.feedClient.PersistEntryDBImpl - Column 'link' cannot be null
ERROR main edu.fiu.cis.feedClient.PersistEntryDBImpl - Column 'link' cannot be null
ERROR main edu.fiu.cis.feedClient.PersistEntryDBImpl - Column 'link' cannot be null
ERROR main edu.fiu.cis.feedClient.PersistEntryDBImpl - Column 'link' cannot be null
ERROR main edu.fiu.cis.feedClient.PersistEntryDBImpl - Column 'link' cannot be null
ERROR main edu.fiu.cis.feedClient.PersistEntryDBImpl - Column 'link' cannot be null
ERROR main edu.fiu.cis.feedClient.PersistEntryDBImpl - Column 'link' cannot be null
ERROR main edu.fiu.cis.feedClient.PersistEntryDBImpl - Column 'link' cannot be null
ERROR main edu.fiu.cis.feedClient.PersistEntryDBImpl - Column 'link' cannot be null
ERROR main edu.fiu.cis.feedClient.PersistEntryDBImpl - Column 'link' cannot be null
ERROR main edu.fiu.cis.feedClient.PersistEntryDBImpl - Column 'link' cannot be null
ERROR main edu.fiu.cis.feedClient.PersistEntryDBImpl - Column 'link' cannot be null
ERROR main edu.fiu.cis.feedClient.PersistEntryDBImpl - Column 'link' cannot be null
ERROR main edu.fiu.cis.feedClient.PersistEntryDBImpl - Column 'link' cannot be null
ERROR main edu.fiu.cis.feedClient.PersistEntryDBImpl - Column 'link' cannot be null
ERROR main edu.fiu.cis.feedClient.PersistEntryDBImpl - Column 'link' cannot be null
ERROR main edu.fiu.cis.feedClient.PersistEntryDBImpl - Column 'link' cannot be null
ERROR main edu.fiu.cis.feedClient.PersistEntryDBImpl - Column 'link' cannot be null
ERROR main edu.fiu.cis.feedClient.PersistEntryDBImpl - Column 'link' cannot be null
ERROR main edu.fiu.cis.feedClient.FeedClient - Error parsing url:http://www.miamiherald.com/orthodox-miami/index.xml - Invalid XML
INFO main edu.fiu.cis.feedClient.FeedClient - Start ClientFeed Thread: edu.fiu.cis.feedClient.FeedClient@24988707
ERROR main edu.fiu.cis.feedClient.FeedClient - Error parsing url:http://dotearth.blogs.nytimes.com/feed/retretrwgegrewgr - http://dotearth.blogs.nytimes.com/feed/retretrwgegrewgr
ERROR main edu.fiu.cis.feedClient.FeedClient - Error parsing url:http://feeds.pheedo.com/wp-dyn/rss/linkset/2005/03/24/LI2005032400113_xml - Invalid XML: Error on line 985: The entity name must immediately follow the '&' in the entity reference.
ERROR main edu.fiu.cis.feedClient.FeedClient - Error parsing url:http://www.washingtonpost.com/wp-dyn/rss/linkset/2005/03/24/LI2005032400142.xml - Invalid XML
ERROR main edu.fiu.cis.feedClient.PersistEntryDBImpl - Data truncation: Data too long for column 'content' at row 1
ERROR main edu.fiu.cis.feedClient.PersistEntryDBImpl - Data truncation: Data too long for column 'content' at row 1
ERROR main edu.fiu.cis.feedClient.PersistEntryDBImpl - Column 'link' cannot be null
ERROR main edu.fiu.cis.feedClient.PersistEntryDBImpl - Column 'link' cannot be null
ERROR main edu.fiu.cis.feedClient.PersistEntryDBImpl - Column 'link' cannot be null
ERROR main edu.fiu.cis.feedClient.PersistEntryDBImpl - Column 'link' cannot be null
ERROR main edu.fiu.cis.feedClient.PersistEntryDBImpl - Column 'link' cannot be null
ERROR main edu.fiu.cis.feedClient.PersistEntryDBImpl - Column 'link' cannot be null
ERROR main edu.fiu.cis.feedClient.PersistEntryDBImpl - Column 'link' cannot be null
ERROR main edu.fiu.cis.feedClient.PersistEntryDBImpl - Column 'link' cannot be null
ERROR main edu.fiu.cis.feedClient.PersistEntryDBImpl - Column 'link' cannot be null
ERROR main edu.fiu.cis.feedClient.PersistEntryDBImpl - Column 'link' cannot be null
ERROR main edu.fiu.cis.feedClient.PersistEntryDBImpl - Column 'link' cannot be null
ERROR main edu.fiu.cis.feedClient.PersistEntryDBImpl - Column 'link' cannot be null
ERROR main edu.fiu.cis.feedClient.PersistEntryDBImpl - Column 'link' cannot be null
ERROR main edu.fiu.cis.feedClient.PersistEntryDBImpl - Column 'link' cannot be null
ERROR main edu.fiu.cis.feedClient.PersistEntryDBImpl - Column 'link' cannot be null
ERROR main edu.fiu.cis.feedClient.PersistEntryDBImpl - Column 'link' cannot be null
ERROR main edu.fiu.cis.feedClient.PersistEntryDBImpl - Column 'link' cannot be null
ERROR main edu.fiu.cis.feedClient.PersistEntryDBImpl - Column 'link' cannot be null
ERROR main edu.fiu.cis.feedClient.PersistEntryDBImpl - Column 'link' cannot be null
ERROR main edu.fiu.cis.feedClient.PersistEntryDBImpl - Column 'link' cannot be null
ERROR main edu.fiu.cis.feedClient.PersistEntryDBImpl - Column 'link' cannot be null
ERROR main edu.fiu.cis.feedClient.PersistEntryDBImpl - Column 'link' cannot be null
ERROR main edu.fiu.cis.feedClient.PersistEntryDBImpl - Column 'link' cannot be null
ERROR main edu.fiu.cis.feedClient.PersistEntryDBImpl - Column 'link' cannot be null
ERROR main edu.fiu.cis.feedClient.PersistEntryDBImpl - Column 'link' cannot be null
ERROR main edu.fiu.cis.feedClient.PersistEntryDBImpl - Column 'link' cannot be null
ERROR main edu.fiu.cis.feedClient.PersistEntryDBImpl - Column 'link' cannot be null
ERROR main edu.fiu.cis.feedClient.PersistEntryDBImpl - Column 'link' cannot be null
ERROR main edu.fiu.cis.feedClient.PersistEntryDBImpl - Column 'link' cannot be null
ERROR main edu.fiu.cis.feedClient.PersistEntryDBImpl - Column 'link' cannot be null
ERROR main edu.fiu.cis.feedClient.PersistEntryDBImpl - Column 'link' cannot be null
ERROR main edu.fiu.cis.feedClient.PersistEntryDBImpl - Column 'link' cannot be null
ERROR main edu.fiu.cis.feedClient.PersistEntryDBImpl - Column 'link' cannot be null
ERROR main edu.fiu.cis.feedClient.PersistEntryDBImpl - Column 'link' cannot be null
ERROR main edu.fiu.cis.feedClient.PersistEntryDBImpl - Column 'link' cannot be null
ERROR main edu.fiu.cis.feedClient.PersistEntryDBImpl - Column 'link' cannot be null
ERROR main edu.fiu.cis.feedClient.PersistEntryDBImpl - Column 'link' cannot be null
ERROR main edu.fiu.cis.feedClient.PersistEntryDBImpl - Column 'link' cannot be null
ERROR main edu.fiu.cis.feedClient.PersistEntryDBImpl - Column 'link' cannot be null
ERROR main edu.fiu.cis.feedClient.PersistEntryDBImpl - Column 'link' cannot be null
ERROR main edu.fiu.cis.feedClient.PersistEntryDBImpl - Column 'link' cannot be null
ERROR main edu.fiu.cis.feedClient.PersistEntryDBImpl - Column 'link' cannot be null
ERROR main edu.fiu.cis.feedClient.PersistEntryDBImpl - Column 'link' cannot be null
ERROR main edu.fiu.cis.feedClient.PersistEntryDBImpl - Column 'link' cannot be null
ERROR main edu.fiu.cis.feedClient.PersistEntryDBImpl - Column 'link' cannot be null
ERROR main edu.fiu.cis.feedClient.PersistEntryDBImpl - Column 'link' cannot be null
ERROR main edu.fiu.cis.feedClient.PersistEntryDBImpl - Column 'link' cannot be null
ERROR main edu.fiu.cis.feedClient.PersistEntryDBImpl - Column 'link' cannot be null
ERROR main edu.fiu.cis.feedClient.PersistEntryDBImpl - Column 'link' cannot be null
ERROR main edu.fiu.cis.feedClient.PersistEntryDBImpl - Column 'link' cannot be null
ERROR main edu.fiu.cis.feedClient.PersistEntryDBImpl - Column 'link' cannot be null
ERROR main edu.fiu.cis.feedClient.PersistEntryDBImpl - Column 'link' cannot be null
ERROR main edu.fiu.cis.feedClient.PersistEntryDBImpl - Column 'link' cannot be null
ERROR main edu.fiu.cis.feedClient.PersistEntryDBImpl - Column 'link' cannot be null
ERROR main edu.fiu.cis.feedClient.PersistEntryDBImpl - Column 'link' cannot be null
ERROR main edu.fiu.cis.feedClient.PersistEntryDBImpl - Column 'link' cannot be null
ERROR main edu.fiu.cis.feedClient.PersistEntryDBImpl - Column 'link' cannot be null
ERROR main edu.fiu.cis.feedClient.PersistEntryDBImpl - Column 'link' cannot be null
ERROR main edu.fiu.cis.feedClient.PersistEntryDBImpl - Column 'link' cannot be null
ERROR main edu.fiu.cis.feedClient.PersistEntryDBImpl - Column 'link' cannot be null
ERROR main edu.fiu.cis.feedClient.PersistEntryDBImpl - Column 'link' cannot be null
ERROR main edu.fiu.cis.feedClient.PersistEntryDBImpl - Column 'link' cannot be null
ERROR main edu.fiu.cis.feedClient.PersistEntryDBImpl - Column 'link' cannot be null
ERROR main edu.fiu.cis.feedClient.PersistEntryDBImpl - Column 'link' cannot be null
ERROR main edu.fiu.cis.feedClient.PersistEntryDBImpl - Column 'link' cannot be null
ERROR main edu.fiu.cis.feedClient.PersistEntryDBImpl - Column 'link' cannot be null
ERROR main edu.fiu.cis.feedClient.PersistEntryDBImpl - Column 'link' cannot be null
ERROR main edu.fiu.cis.feedClient.PersistEntryDBImpl - Column 'link' cannot be null
ERROR main edu.fiu.cis.feedClient.PersistEntryDBImpl - Column 'link' cannot be null
ERROR main edu.fiu.cis.feedClient.PersistEntryDBImpl - Column 'link' cannot be null
ERROR main edu.fiu.cis.feedClient.PersistEntryDBImpl - Column 'link' cannot be null
ERROR main edu.fiu.cis.feedClient.PersistEntryDBImpl - Column 'link' cannot be null
ERROR main edu.fiu.cis.feedClient.PersistEntryDBImpl - Column 'link' cannot be null
ERROR main edu.fiu.cis.feedClient.PersistEntryDBImpl - Column 'link' cannot be null
ERROR main edu.fiu.cis.feedClient.PersistEntryDBImpl - Column 'link' cannot be null
ERROR main edu.fiu.cis.feedClient.PersistEntryDBImpl - Column 'link' cannot be null
ERROR main edu.fiu.cis.feedClient.PersistEntryDBImpl - Column 'link' cannot be null
ERROR main edu.fiu.cis.feedClient.PersistEntryDBImpl - Column 'link' cannot be null
ERROR main edu.fiu.cis.feedClient.PersistEntryDBImpl - Column 'link' cannot be null
ERROR main edu.fiu.cis.feedClient.PersistEntryDBImpl - Column 'link' cannot be null
ERROR main edu.fiu.cis.feedClient.PersistEntryDBImpl - Column 'link' cannot be null
ERROR main edu.fiu.cis.feedClient.PersistEntryDBImpl - Column 'link' cannot be null
ERROR main edu.fiu.cis.feedClient.PersistEntryDBImpl - Column 'link' cannot be null
ERROR main edu.fiu.cis.feedClient.PersistEntryDBImpl - Column 'link' cannot be null
ERROR main edu.fiu.cis.feedClient.PersistEntryDBImpl - Column 'link' cannot be null
ERROR main edu.fiu.cis.feedClient.PersistEntryDBImpl - Column 'link' cannot be null
ERROR main edu.fiu.cis.feedClient.PersistEntryDBImpl - Column 'link' cannot be null
ERROR main edu.fiu.cis.feedClient.PersistEntryDBImpl - Column 'link' cannot be null
ERROR main edu.fiu.cis.feedClient.PersistEntryDBImpl - Column 'link' cannot be null
ERROR main edu.fiu.cis.feedClient.PersistEntryDBImpl - Column 'link' cannot be null
ERROR main edu.fiu.cis.feedClient.PersistEntryDBImpl - Column 'link' cannot be null
ERROR main edu.fiu.cis.feedClient.PersistEntryDBImpl - Column 'link' cannot be null
ERROR main edu.fiu.cis.feedClient.PersistEntryDBImpl - Column 'link' cannot be null
ERROR main edu.fiu.cis.feedClient.PersistEntryDBImpl - Column 'link' cannot be null
ERROR main edu.fiu.cis.feedClient.PersistEntryDBImpl - Column 'link' cannot be null
ERROR main edu.fiu.cis.feedClient.PersistEntryDBImpl - Column 'link' cannot be null
ERROR main edu.fiu.cis.feedClient.PersistEntryDBImpl - Column 'link' cannot be null
ERROR main edu.fiu.cis.feedClient.PersistEntryDBImpl - Column 'link' cannot be null
ERROR main edu.fiu.cis.feedClient.PersistEntryDBImpl - Column 'link' cannot be null
ERROR main edu.fiu.cis.feedClient.PersistEntryDBImpl - Column 'link' cannot be null
ERROR main edu.fiu.cis.feedClient.PersistEntryDBImpl - Column 'link' cannot be null
ERROR main edu.fiu.cis.feedClient.FeedClient - Error parsing url:http://www.miamiherald.com/orthodox-miami/index.xml - Invalid XML
